<?xml version="1.0" encoding="UTF-8"?>
<!-- Generated by org.testng.reporters.JUnitReportReporter -->
<testsuite hostname="DESKTOP-E15M0P2" failures="0" tests="1" name="POM.TestCases.TestCaseRediffLoginPage" time="7.759" errors="0" timestamp="2021-05-07T12:48:36 IST" skipped="0">
  <testcase classname="POM.TestCases.TestCaseRediffLoginPage" name="firstClass" time="7.759"/>
  <system-out/>
</testsuite> <!-- POM.TestCases.TestCaseRediffLoginPage -->
