<?xml version="1.0" encoding="UTF-8"?>
<!-- Generated by org.testng.reporters.JUnitReportReporter -->
<testsuite hostname="DESKTOP-E15M0P2" failures="0" tests="1" name="testNG.secondClass" time="0.005" errors="0" timestamp="2021-05-05T16:07:32 IST" skipped="0">
  <testcase classname="testNG.secondClass" name="secondClassMthod1" time="0.005"/>
  <system-out/>
</testsuite> <!-- testNG.secondClass -->
