<?xml version="1.0" encoding="UTF-8"?>
<!-- Generated by org.testng.reporters.JUnitReportReporter -->
<testsuite hostname="DESKTOP-E15M0P2" failures="0" tests="2" name="testNG.firstClass" time="0.020" errors="0" timestamp="2021-05-05T16:07:32 IST" skipped="0">
  <testcase classname="testNG.firstClass" name="MobilefirstClassMethod2" time="0.004"/>
  <system-out/>
  <testcase classname="testNG.firstClass" name="MobilefirstClassMethod1" time="0.016"/>
  <system-out/>
</testsuite> <!-- testNG.firstClass -->
