<?xml version="1.0" encoding="UTF-8"?>
<!-- Generated by org.testng.reporters.JUnitReportReporter -->
<testsuite hostname="DESKTOP-E15M0P2" failures="0" tests="2" name="testNG.fifthClass" time="0.064" errors="0" timestamp="2021-05-07T10:31:10 IST" skipped="0">
  <testcase classname="testNG.fifthClass" name="fifthMethod2" time="0.004"/>
  <system-out/>
  <testcase classname="testNG.fifthClass" name="fifthMethod1" time="0.060"/>
  <system-out/>
</testsuite> <!-- testNG.fifthClass -->
