<?xml version="1.0" encoding="UTF-8"?>
<!-- Generated by org.testng.reporters.JUnitReportReporter -->
<testsuite hostname="DESKTOP-E15M0P2" failures="0" tests="1" name="testNG.thirdClass" time="0.009" errors="0" timestamp="2021-05-05T16:07:32 IST" skipped="0">
  <testcase classname="testNG.thirdClass" name="thirdClassMethod1" time="0.009"/>
  <system-out/>
</testsuite> <!-- testNG.thirdClass -->
