<?xml version="1.0" encoding="UTF-8"?>
<!-- Generated by org.testng.reporters.JUnitReportReporter -->
<testsuite hostname="DESKTOP-E15M0P2" failures="0" tests="1" name="testNG.fourthClass" time="0.024" errors="0" timestamp="2021-05-03T10:15:08 IST" skipped="0">
  <testcase classname="testNG.fourthClass" name="first" time="0.024"/>
  <system-out/>
</testsuite> <!-- testNG.fourthClass -->
