<?xml version="1.0" encoding="UTF-8"?>
<!-- Generated by org.testng.reporters.JUnitReportReporter -->
<testsuite hostname="DESKTOP-E15M0P2" failures="0" tests="3" name="testNG.dataParameterisation" time="0.027" errors="0" timestamp="2021-05-03T17:31:47 IST" skipped="0">
  <testcase classname="testNG.dataParameterisation" name="a" time="0.005"/>
  <system-out/>
  <testcase classname="testNG.dataParameterisation" name="a" time="0.006"/>
  <system-out/>
  <testcase classname="testNG.dataParameterisation" name="a" time="0.016"/>
  <system-out/>
</testsuite> <!-- testNG.dataParameterisation -->
