<?xml version="1.0" encoding="UTF-8"?>
<!-- Generated by org.testng.reporters.JUnitReportReporter -->
<testsuite hostname="DESKTOP-E15M0P2" failures="0" tests="4" name="testNG.sixthClass" time="0.025" errors="0" timestamp="2021-05-05T16:09:25 IST" skipped="1">
  <testcase classname="testNG.sixthClass" name="sixthClassMethod2" time="0.003"/>
  <system-out/>
  <testcase classname="testNG.sixthClass" name="sixthClassMethod1" time="0.018"/>
  <system-out/>
  <testcase classname="testNG.sixthClass" name="sixthClassMethod3" time="0.004"/>
  <system-out/>
  <testcase classname="testNG.sixthClass" name="sixthClassMethod4">
    <skipped/>
  </testcase> <!-- sixthClassMethod4 -->
  <system-out/>
</testsuite> <!-- testNG.sixthClass -->
