<?xml version="1.0" encoding="UTF-8"?>
<!-- Generated by org.testng.reporters.JUnitReportReporter -->
<testsuite hostname="DESKTOP-E15M0P2" failures="0" tests="2" name="Programs.Arrays1" time="0.016" errors="0" timestamp="2021-05-05T21:02:52 IST" skipped="1">
  <testcase classname="Programs.Arrays1" name="sumofarray" time="0.016"/>
  <system-out/>
  <testcase classname="Programs.Arrays1" name="ab">
    <skipped/>
  </testcase> <!-- ab -->
  <system-out/>
</testsuite> <!-- Programs.Arrays1 -->
