<?xml version="1.0" encoding="UTF-8"?>
<!-- Generated by org.testng.reporters.JUnitReportReporter -->
<testsuite skipped="0" hostname="DESKTOP-E15M0P2" name="testNG.firstClass" tests="3" failures="0" timestamp="07 May 2021 05:08:14 GMT" time="0.001" errors="0">
  <testcase name="firstClassMethod2" time="0.000" classname="testNG.firstClass"/>
  <testcase name="MobilefirstClassMethod2" time="0.001" classname="testNG.firstClass"/>
  <testcase name="MobilefirstClassMethod1" time="0.000" classname="testNG.firstClass"/>
</testsuite> <!-- testNG.firstClass -->
