<?xml version="1.0" encoding="UTF-8"?>
<!-- Generated by org.testng.reporters.JUnitReportReporter -->
<testsuite skipped="0" hostname="DESKTOP-E15M0P2" name="testNG.fifthClass" tests="2" failures="0" timestamp="07 May 2021 05:08:14 GMT" time="0.002" errors="0">
  <testcase name="fifthMethod2" time="0.000" classname="testNG.fifthClass"/>
  <testcase name="fifthMethod1" time="0.002" classname="testNG.fifthClass"/>
</testsuite> <!-- testNG.fifthClass -->
