<?xml version="1.0" encoding="UTF-8"?>
<!-- Generated by org.testng.reporters.JUnitReportReporter -->
<testsuite skipped="0" hostname="DESKTOP-E15M0P2" name="testNG.secondClass" tests="2" failures="0" timestamp="07 May 2021 05:08:14 GMT" time="0.001" errors="0">
  <testcase name="secondClassMthod12" time="0.001" classname="testNG.secondClass"/>
  <testcase name="secondClassMthod1" time="0.000" classname="testNG.secondClass"/>
</testsuite> <!-- testNG.secondClass -->
