<?xml version="1.0" encoding="UTF-8"?>
<!-- Generated by org.testng.reporters.JUnitReportReporter -->
<testsuite skipped="0" hostname="DESKTOP-E15M0P2" name="testNG.thirdClass" tests="2" failures="0" timestamp="07 May 2021 05:08:14 GMT" time="0.000" errors="0">
  <testcase name="thirdClassMethod2" time="0.000" classname="testNG.thirdClass"/>
  <testcase name="thirdClassMethod1" time="0.000" classname="testNG.thirdClass"/>
</testsuite> <!-- testNG.thirdClass -->
