<?xml version="1.0" encoding="UTF-8"?>
<!-- Generated by org.testng.reporters.JUnitReportReporter -->
<testsuite skipped="0" hostname="DESKTOP-E15M0P2" name="testNG.fourthClass" tests="3" failures="0" timestamp="07 May 2021 05:10:59 GMT" time="0.008" errors="0">
  <testcase name="third" time="0.001" classname="testNG.fourthClass"/>
  <testcase name="second" time="0.003" classname="testNG.fourthClass"/>
  <testcase name="first" time="0.004" classname="testNG.fourthClass"/>
</testsuite> <!-- testNG.fourthClass -->
